<?xml version="1.0" encoding="UTF-8"?>
<!-- Generated by org.testng.reporters.JUnitReportReporter -->
<testsuite hostname="DESKTOP-08IDGDC" name="com.course.LearnRestassuredCase.TestJenkins" tests="2" failures="0" timestamp="7 Jan 2019 08:41:14 GMT" time="3.428" errors="0">
  <testcase name="testmultplication" time="0.000" classname="com.course.LearnRestassuredCase.TestJenkins"/>
  <testcase name="testjenkins" time="3.428" classname="com.course.LearnRestassuredCase.TestJenkins"/>
</testsuite> <!-- com.course.LearnRestassuredCase.TestJenkins -->
