<?xml version="1.0" encoding="UTF-8" ?>
<testsuite tests="2" failures="0" name="TestSuite" time="4.381" errors="0" skipped="0">
  <properties>
    <property name="java.runtime.name" value="Java(TM) SE Runtime Environment"/>
    <property name="sun.boot.library.path" value="C:\Program Files (x86)\Java\jdk1.8.0_144\jre\bin"/>
    <property name="java.vm.version" value="25.144-b01"/>
    <property name="java.vm.vendor" value="Oracle Corporation"/>
    <property name="java.vendor.url" value="http://java.oracle.com/"/>
    <property name="path.separator" value=";"/>
    <property name="java.vm.name" value="Java HotSpot(TM) Client VM"/>
    <property name="file.encoding.pkg" value="sun.io"/>
    <property name="user.script" value=""/>
    <property name="user.country" value="CN"/>
    <property name="sun.java.launcher" value="SUN_STANDARD"/>
    <property name="sun.os.patch.level" value=""/>
    <property name="java.vm.specification.name" value="Java Virtual Machine Specification"/>
    <property name="user.dir" value="D:\Springboot\AutoTest\Chapter15"/>
    <property name="java.runtime.version" value="1.8.0_144-b01"/>
    <property name="java.awt.graphicsenv" value="sun.awt.Win32GraphicsEnvironment"/>
    <property name="basedir" value="D:\Springboot\AutoTest\Chapter15"/>
    <property name="java.endorsed.dirs" value="C:\Program Files (x86)\Java\jdk1.8.0_144\jre\lib\endorsed"/>
    <property name="os.arch" value="x86"/>
    <property name="surefire.real.class.path" value="D:\Springboot\AutoTest\Chapter15\target\surefire\surefirebooter7337697748062207220.jar"/>
    <property name="java.io.tmpdir" value="C:\Users\ADMINI~1\AppData\Local\Temp\"/>
    <property name="line.separator" value="
"/>
    <property name="java.vm.specification.vendor" value="Oracle Corporation"/>
    <property name="user.variant" value=""/>
    <property name="os.name" value="Windows 10"/>
    <property name="sun.jnu.encoding" value="GBK"/>
    <property name="java.library.path" value="C:\Program Files (x86)\Java\jdk1.8.0_144\jre\bin;C:\WINDOWS\Sun\Java\bin;C:\WINDOWS\system32;C:\WINDOWS;C:\Program Files (x86)\Common Files\Oracle\Java\javapath;C:\ProgramData\Oracle\Java\javapath;C:\WINDOWS\system32;C:\WINDOWS;C:\WINDOWS\System32\Wbem;C:\WINDOWS\System32\WindowsPowerShell\v1.0\;&quot;C:\Program Files (x86)\Java\jdk1.8.0_144\bin;C:\Program Files (x86)\Java\jdk1.8.0_144\jre\bin;&quot;;D:\apache-maven-3.5.3\bin;C:\Program Files\Git\cmd;C:\Python27;C:\Program Files\MySQL\MySQL Server 8.0\bin;C:\Users\Administrator\AppData\Local\Microsoft\WindowsApps;C:\Users\Administrator\AppData\Local\Programs\Fiddler;C:\Users\Administrator\AppData\Local\Microsoft\WindowsApps;C:\Program Files (x86)\Java\jdk1.8.0_144\bin;D:\Tools\adb;;."/>
    <property name="surefire.test.class.path" value="D:\Springboot\AutoTest\Chapter15\target\test-classes;D:\Springboot\AutoTest\Chapter15\target\classes;D:\apache-maven-3.5.3\localRepository_tx\org\testng\testng\6.9.10\testng-6.9.10.jar;D:\apache-maven-3.5.3\localRepository_tx\com\beust\jcommander\1.48\jcommander-1.48.jar;D:\apache-maven-3.5.3\localRepository_tx\org\beanshell\bsh\2.0b4\bsh-2.0b4.jar;D:\apache-maven-3.5.3\localRepository_tx\org\apache\httpcomponents\httpclient\4.5.3\httpclient-4.5.3.jar;D:\apache-maven-3.5.3\localRepository_tx\org\apache\httpcomponents\httpcore\4.4.10\httpcore-4.4.10.jar;D:\apache-maven-3.5.3\localRepository_tx\commons-codec\commons-codec\1.11\commons-codec-1.11.jar;D:\apache-maven-3.5.3\localRepository_tx\com\alibaba\fastjson\1.2.46\fastjson-1.2.46.jar;D:\apache-maven-3.5.3\localRepository_tx\commons-logging\commons-logging\1.2\commons-logging-1.2.jar;D:\apache-maven-3.5.3\localRepository_tx\com\relevantcodes\extentreports\2.41.1\extentreports-2.41.1.jar;D:\apache-maven-3.5.3\localRepository_tx\org\jsoup\jsoup\1.8.3\jsoup-1.8.3.jar;D:\apache-maven-3.5.3\localRepository_tx\org\xerial\sqlite-jdbc\3.25.2\sqlite-jdbc-3.25.2.jar;D:\apache-maven-3.5.3\localRepository_tx\org\freemarker\freemarker\2.3.28\freemarker-2.3.28.jar;D:\apache-maven-3.5.3\localRepository_tx\org\mongodb\mongodb-driver\3.8.2\mongodb-driver-3.8.2.jar;D:\apache-maven-3.5.3\localRepository_tx\org\mongodb\bson\3.8.2\bson-3.8.2.jar;D:\apache-maven-3.5.3\localRepository_tx\org\mongodb\mongodb-driver-core\3.8.2\mongodb-driver-core-3.8.2.jar;D:\apache-maven-3.5.3\localRepository_tx\com\vimalselvam\testng-extentsreport\1.3.1\testng-extentsreport-1.3.1.jar;D:\apache-maven-3.5.3\localRepository_tx\com\google\guava\guava\20.0\guava-20.0.jar;D:\apache-maven-3.5.3\localRepository_tx\com\aventstack\extentreports\3.0.6\extentreports-3.0.6.jar;D:\apache-maven-3.5.3\localRepository_tx\org\apache\httpcomponents\httpmime\4.5.6\httpmime-4.5.6.jar;D:\apache-maven-3.5.3\localRepository_tx\org\json\json\20180813\json-20180813.jar;D:\apache-maven-3.5.3\localRepository_tx\mysql\mysql-connector-java\8.0.13\mysql-connector-java-8.0.13.jar;D:\apache-maven-3.5.3\localRepository_tx\org\mybatis\mybatis\3.4.4\mybatis-3.4.4.jar;D:\apache-maven-3.5.3\localRepository_tx\io\rest-assured\rest-assured\3.1.1\rest-assured-3.1.1.jar;D:\apache-maven-3.5.3\localRepository_tx\org\codehaus\groovy\groovy\2.5.3\groovy-2.5.3.jar;D:\apache-maven-3.5.3\localRepository_tx\org\codehaus\groovy\groovy-xml\2.5.3\groovy-xml-2.5.3.jar;D:\apache-maven-3.5.3\localRepository_tx\org\hamcrest\hamcrest-core\1.3\hamcrest-core-1.3.jar;D:\apache-maven-3.5.3\localRepository_tx\org\ccil\cowan\tagsoup\tagsoup\1.2.1\tagsoup-1.2.1.jar;D:\apache-maven-3.5.3\localRepository_tx\io\rest-assured\json-path\3.1.1\json-path-3.1.1.jar;D:\apache-maven-3.5.3\localRepository_tx\org\codehaus\groovy\groovy-json\2.5.3\groovy-json-2.5.3.jar;D:\apache-maven-3.5.3\localRepository_tx\io\rest-assured\rest-assured-common\3.1.1\rest-assured-common-3.1.1.jar;D:\apache-maven-3.5.3\localRepository_tx\io\rest-assured\xml-path\3.1.1\xml-path-3.1.1.jar;D:\apache-maven-3.5.3\localRepository_tx\org\apache\commons\commons-lang3\3.8.1\commons-lang3-3.8.1.jar;D:\apache-maven-3.5.3\localRepository_tx\javax\xml\bind\jaxb-api\2.3.1\jaxb-api-2.3.1.jar;D:\apache-maven-3.5.3\localRepository_tx\javax\activation\javax.activation-api\1.2.0\javax.activation-api-1.2.0.jar;D:\apache-maven-3.5.3\localRepository_tx\io\rest-assured\json-schema-validator\3.0.2\json-schema-validator-3.0.2.jar;D:\apache-maven-3.5.3\localRepository_tx\com\github\fge\json-schema-validator\2.2.6\json-schema-validator-2.2.6.jar;D:\apache-maven-3.5.3\localRepository_tx\com\google\code\findbugs\jsr305\3.0.0\jsr305-3.0.0.jar;D:\apache-maven-3.5.3\localRepository_tx\joda-time\joda-time\2.10.1\joda-time-2.10.1.jar;D:\apache-maven-3.5.3\localRepository_tx\com\googlecode\libphonenumber\libphonenumber\6.2\libphonenumber-6.2.jar;D:\apache-maven-3.5.3\localRepository_tx\com\github\fge\json-schema-core\1.2.5\json-schema-core-1.2.5.jar;D:\apache-maven-3.5.3\localRepository_tx\com\github\fge\uri-template\0.9\uri-template-0.9.jar;D:\apache-maven-3.5.3\localRepository_tx\com\github\fge\msg-simple\1.1\msg-simple-1.1.jar;D:\apache-maven-3.5.3\localRepository_tx\com\github\fge\btf\1.2\btf-1.2.jar;D:\apache-maven-3.5.3\localRepository_tx\com\github\fge\jackson-coreutils\1.8\jackson-coreutils-1.8.jar;D:\apache-maven-3.5.3\localRepository_tx\com\fasterxml\jackson\core\jackson-databind\2.9.7\jackson-databind-2.9.7.jar;D:\apache-maven-3.5.3\localRepository_tx\com\fasterxml\jackson\core\jackson-annotations\2.9.0\jackson-annotations-2.9.0.jar;D:\apache-maven-3.5.3\localRepository_tx\com\fasterxml\jackson\core\jackson-core\2.9.7\jackson-core-2.9.7.jar;D:\apache-maven-3.5.3\localRepository_tx\org\mozilla\rhino\1.7R4\rhino-1.7R4.jar;D:\apache-maven-3.5.3\localRepository_tx\javax\mail\mailapi\1.4.3\mailapi-1.4.3.jar;D:\apache-maven-3.5.3\localRepository_tx\javax\activation\activation\1.1\activation-1.1.jar;D:\apache-maven-3.5.3\localRepository_tx\net\sf\jopt-simple\jopt-simple\4.6\jopt-simple-4.6.jar;D:\apache-maven-3.5.3\localRepository_tx\io\rest-assured\spring-mock-mvc\3.0.6\spring-mock-mvc-3.0.6.jar;D:\apache-maven-3.5.3\localRepository_tx\org\springframework\spring-test\5.1.2.RELEASE\spring-test-5.1.2.RELEASE.jar;D:\apache-maven-3.5.3\localRepository_tx\org\springframework\spring-core\5.1.2.RELEASE\spring-core-5.1.2.RELEASE.jar;D:\apache-maven-3.5.3\localRepository_tx\org\springframework\spring-jcl\5.1.2.RELEASE\spring-jcl-5.1.2.RELEASE.jar;D:\apache-maven-3.5.3\localRepository_tx\org\springframework\spring-webmvc\5.1.2.RELEASE\spring-webmvc-5.1.2.RELEASE.jar;D:\apache-maven-3.5.3\localRepository_tx\org\springframework\spring-aop\5.1.2.RELEASE\spring-aop-5.1.2.RELEASE.jar;D:\apache-maven-3.5.3\localRepository_tx\org\springframework\spring-beans\5.1.2.RELEASE\spring-beans-5.1.2.RELEASE.jar;D:\apache-maven-3.5.3\localRepository_tx\org\springframework\spring-context\5.1.2.RELEASE\spring-context-5.1.2.RELEASE.jar;D:\apache-maven-3.5.3\localRepository_tx\org\springframework\spring-expression\5.1.2.RELEASE\spring-expression-5.1.2.RELEASE.jar;D:\apache-maven-3.5.3\localRepository_tx\org\springframework\spring-web\5.1.2.RELEASE\spring-web-5.1.2.RELEASE.jar;D:\apache-maven-3.5.3\localRepository_tx\org\hamcrest\hamcrest-library\1.3\hamcrest-library-1.3.jar;D:\apache-maven-3.5.3\localRepository_tx\org\springframework\boot\spring-boot-autoconfigure\2.1.0.RELEASE\spring-boot-autoconfigure-2.1.0.RELEASE.jar;D:\apache-maven-3.5.3\localRepository_tx\org\springframework\boot\spring-boot\2.1.0.RELEASE\spring-boot-2.1.0.RELEASE.jar;"/>
    <property name="java.specification.name" value="Java Platform API Specification"/>
    <property name="java.class.version" value="52.0"/>
    <property name="sun.management.compiler" value="HotSpot Client Compiler"/>
    <property name="os.version" value="10.0"/>
    <property name="user.home" value="C:\Users\Administrator"/>
    <property name="user.timezone" value="Asia/Shanghai"/>
    <property name="java.awt.printerjob" value="sun.awt.windows.WPrinterJob"/>
    <property name="java.specification.version" value="1.8"/>
    <property name="file.encoding" value="GBK"/>
    <property name="user.name" value="Administrator"/>
    <property name="java.class.path" value="D:\Springboot\AutoTest\Chapter15\target\test-classes;D:\Springboot\AutoTest\Chapter15\target\classes;D:\apache-maven-3.5.3\localRepository_tx\org\testng\testng\6.9.10\testng-6.9.10.jar;D:\apache-maven-3.5.3\localRepository_tx\com\beust\jcommander\1.48\jcommander-1.48.jar;D:\apache-maven-3.5.3\localRepository_tx\org\beanshell\bsh\2.0b4\bsh-2.0b4.jar;D:\apache-maven-3.5.3\localRepository_tx\org\apache\httpcomponents\httpclient\4.5.3\httpclient-4.5.3.jar;D:\apache-maven-3.5.3\localRepository_tx\org\apache\httpcomponents\httpcore\4.4.10\httpcore-4.4.10.jar;D:\apache-maven-3.5.3\localRepository_tx\commons-codec\commons-codec\1.11\commons-codec-1.11.jar;D:\apache-maven-3.5.3\localRepository_tx\com\alibaba\fastjson\1.2.46\fastjson-1.2.46.jar;D:\apache-maven-3.5.3\localRepository_tx\commons-logging\commons-logging\1.2\commons-logging-1.2.jar;D:\apache-maven-3.5.3\localRepository_tx\com\relevantcodes\extentreports\2.41.1\extentreports-2.41.1.jar;D:\apache-maven-3.5.3\localRepository_tx\org\jsoup\jsoup\1.8.3\jsoup-1.8.3.jar;D:\apache-maven-3.5.3\localRepository_tx\org\xerial\sqlite-jdbc\3.25.2\sqlite-jdbc-3.25.2.jar;D:\apache-maven-3.5.3\localRepository_tx\org\freemarker\freemarker\2.3.28\freemarker-2.3.28.jar;D:\apache-maven-3.5.3\localRepository_tx\org\mongodb\mongodb-driver\3.8.2\mongodb-driver-3.8.2.jar;D:\apache-maven-3.5.3\localRepository_tx\org\mongodb\bson\3.8.2\bson-3.8.2.jar;D:\apache-maven-3.5.3\localRepository_tx\org\mongodb\mongodb-driver-core\3.8.2\mongodb-driver-core-3.8.2.jar;D:\apache-maven-3.5.3\localRepository_tx\com\vimalselvam\testng-extentsreport\1.3.1\testng-extentsreport-1.3.1.jar;D:\apache-maven-3.5.3\localRepository_tx\com\google\guava\guava\20.0\guava-20.0.jar;D:\apache-maven-3.5.3\localRepository_tx\com\aventstack\extentreports\3.0.6\extentreports-3.0.6.jar;D:\apache-maven-3.5.3\localRepository_tx\org\apache\httpcomponents\httpmime\4.5.6\httpmime-4.5.6.jar;D:\apache-maven-3.5.3\localRepository_tx\org\json\json\20180813\json-20180813.jar;D:\apache-maven-3.5.3\localRepository_tx\mysql\mysql-connector-java\8.0.13\mysql-connector-java-8.0.13.jar;D:\apache-maven-3.5.3\localRepository_tx\org\mybatis\mybatis\3.4.4\mybatis-3.4.4.jar;D:\apache-maven-3.5.3\localRepository_tx\io\rest-assured\rest-assured\3.1.1\rest-assured-3.1.1.jar;D:\apache-maven-3.5.3\localRepository_tx\org\codehaus\groovy\groovy\2.5.3\groovy-2.5.3.jar;D:\apache-maven-3.5.3\localRepository_tx\org\codehaus\groovy\groovy-xml\2.5.3\groovy-xml-2.5.3.jar;D:\apache-maven-3.5.3\localRepository_tx\org\hamcrest\hamcrest-core\1.3\hamcrest-core-1.3.jar;D:\apache-maven-3.5.3\localRepository_tx\org\ccil\cowan\tagsoup\tagsoup\1.2.1\tagsoup-1.2.1.jar;D:\apache-maven-3.5.3\localRepository_tx\io\rest-assured\json-path\3.1.1\json-path-3.1.1.jar;D:\apache-maven-3.5.3\localRepository_tx\org\codehaus\groovy\groovy-json\2.5.3\groovy-json-2.5.3.jar;D:\apache-maven-3.5.3\localRepository_tx\io\rest-assured\rest-assured-common\3.1.1\rest-assured-common-3.1.1.jar;D:\apache-maven-3.5.3\localRepository_tx\io\rest-assured\xml-path\3.1.1\xml-path-3.1.1.jar;D:\apache-maven-3.5.3\localRepository_tx\org\apache\commons\commons-lang3\3.8.1\commons-lang3-3.8.1.jar;D:\apache-maven-3.5.3\localRepository_tx\javax\xml\bind\jaxb-api\2.3.1\jaxb-api-2.3.1.jar;D:\apache-maven-3.5.3\localRepository_tx\javax\activation\javax.activation-api\1.2.0\javax.activation-api-1.2.0.jar;D:\apache-maven-3.5.3\localRepository_tx\io\rest-assured\json-schema-validator\3.0.2\json-schema-validator-3.0.2.jar;D:\apache-maven-3.5.3\localRepository_tx\com\github\fge\json-schema-validator\2.2.6\json-schema-validator-2.2.6.jar;D:\apache-maven-3.5.3\localRepository_tx\com\google\code\findbugs\jsr305\3.0.0\jsr305-3.0.0.jar;D:\apache-maven-3.5.3\localRepository_tx\joda-time\joda-time\2.10.1\joda-time-2.10.1.jar;D:\apache-maven-3.5.3\localRepository_tx\com\googlecode\libphonenumber\libphonenumber\6.2\libphonenumber-6.2.jar;D:\apache-maven-3.5.3\localRepository_tx\com\github\fge\json-schema-core\1.2.5\json-schema-core-1.2.5.jar;D:\apache-maven-3.5.3\localRepository_tx\com\github\fge\uri-template\0.9\uri-template-0.9.jar;D:\apache-maven-3.5.3\localRepository_tx\com\github\fge\msg-simple\1.1\msg-simple-1.1.jar;D:\apache-maven-3.5.3\localRepository_tx\com\github\fge\btf\1.2\btf-1.2.jar;D:\apache-maven-3.5.3\localRepository_tx\com\github\fge\jackson-coreutils\1.8\jackson-coreutils-1.8.jar;D:\apache-maven-3.5.3\localRepository_tx\com\fasterxml\jackson\core\jackson-databind\2.9.7\jackson-databind-2.9.7.jar;D:\apache-maven-3.5.3\localRepository_tx\com\fasterxml\jackson\core\jackson-annotations\2.9.0\jackson-annotations-2.9.0.jar;D:\apache-maven-3.5.3\localRepository_tx\com\fasterxml\jackson\core\jackson-core\2.9.7\jackson-core-2.9.7.jar;D:\apache-maven-3.5.3\localRepository_tx\org\mozilla\rhino\1.7R4\rhino-1.7R4.jar;D:\apache-maven-3.5.3\localRepository_tx\javax\mail\mailapi\1.4.3\mailapi-1.4.3.jar;D:\apache-maven-3.5.3\localRepository_tx\javax\activation\activation\1.1\activation-1.1.jar;D:\apache-maven-3.5.3\localRepository_tx\net\sf\jopt-simple\jopt-simple\4.6\jopt-simple-4.6.jar;D:\apache-maven-3.5.3\localRepository_tx\io\rest-assured\spring-mock-mvc\3.0.6\spring-mock-mvc-3.0.6.jar;D:\apache-maven-3.5.3\localRepository_tx\org\springframework\spring-test\5.1.2.RELEASE\spring-test-5.1.2.RELEASE.jar;D:\apache-maven-3.5.3\localRepository_tx\org\springframework\spring-core\5.1.2.RELEASE\spring-core-5.1.2.RELEASE.jar;D:\apache-maven-3.5.3\localRepository_tx\org\springframework\spring-jcl\5.1.2.RELEASE\spring-jcl-5.1.2.RELEASE.jar;D:\apache-maven-3.5.3\localRepository_tx\org\springframework\spring-webmvc\5.1.2.RELEASE\spring-webmvc-5.1.2.RELEASE.jar;D:\apache-maven-3.5.3\localRepository_tx\org\springframework\spring-aop\5.1.2.RELEASE\spring-aop-5.1.2.RELEASE.jar;D:\apache-maven-3.5.3\localRepository_tx\org\springframework\spring-beans\5.1.2.RELEASE\spring-beans-5.1.2.RELEASE.jar;D:\apache-maven-3.5.3\localRepository_tx\org\springframework\spring-context\5.1.2.RELEASE\spring-context-5.1.2.RELEASE.jar;D:\apache-maven-3.5.3\localRepository_tx\org\springframework\spring-expression\5.1.2.RELEASE\spring-expression-5.1.2.RELEASE.jar;D:\apache-maven-3.5.3\localRepository_tx\org\springframework\spring-web\5.1.2.RELEASE\spring-web-5.1.2.RELEASE.jar;D:\apache-maven-3.5.3\localRepository_tx\org\hamcrest\hamcrest-library\1.3\hamcrest-library-1.3.jar;D:\apache-maven-3.5.3\localRepository_tx\org\springframework\boot\spring-boot-autoconfigure\2.1.0.RELEASE\spring-boot-autoconfigure-2.1.0.RELEASE.jar;D:\apache-maven-3.5.3\localRepository_tx\org\springframework\boot\spring-boot\2.1.0.RELEASE\spring-boot-2.1.0.RELEASE.jar;"/>
    <property name="java.vm.specification.version" value="1.8"/>
    <property name="sun.arch.data.model" value="32"/>
    <property name="java.home" value="C:\Program Files (x86)\Java\jdk1.8.0_144\jre"/>
    <property name="sun.java.command" value="D:\Springboot\AutoTest\Chapter15\target\surefire\surefirebooter7337697748062207220.jar D:\Springboot\AutoTest\Chapter15\target\surefire\surefire750979489032268930tmp D:\Springboot\AutoTest\Chapter15\target\surefire\surefire6624448055018598375tmp"/>
    <property name="java.specification.vendor" value="Oracle Corporation"/>
    <property name="user.language" value="zh"/>
    <property name="awt.toolkit" value="sun.awt.windows.WToolkit"/>
    <property name="java.vm.info" value="mixed mode"/>
    <property name="java.version" value="1.8.0_144"/>
    <property name="java.ext.dirs" value="C:\Program Files (x86)\Java\jdk1.8.0_144\jre\lib\ext;C:\WINDOWS\Sun\Java\lib\ext"/>
    <property name="sun.boot.class.path" value="C:\Program Files (x86)\Java\jdk1.8.0_144\jre\lib\resources.jar;C:\Program Files (x86)\Java\jdk1.8.0_144\jre\lib\rt.jar;C:\Program Files (x86)\Java\jdk1.8.0_144\jre\lib\sunrsasign.jar;C:\Program Files (x86)\Java\jdk1.8.0_144\jre\lib\jsse.jar;C:\Program Files (x86)\Java\jdk1.8.0_144\jre\lib\jce.jar;C:\Program Files (x86)\Java\jdk1.8.0_144\jre\lib\charsets.jar;C:\Program Files (x86)\Java\jdk1.8.0_144\jre\lib\jfr.jar;C:\Program Files (x86)\Java\jdk1.8.0_144\jre\classes"/>
    <property name="java.vendor" value="Oracle Corporation"/>
    <property name="localRepository" value="D:\apache-maven-3.5.3\localRepository_tx"/>
    <property name="file.separator" value="\"/>
    <property name="java.vendor.url.bug" value="http://bugreport.sun.com/bugreport/"/>
    <property name="sun.cpu.endian" value="little"/>
    <property name="sun.io.unicode.encoding" value="UnicodeLittle"/>
    <property name="sun.desktop" value="windows"/>
    <property name="sun.cpu.isalist" value="pentium_pro+mmx pentium_pro pentium+mmx pentium i486 i386 i86"/>
  </properties>
  <testcase classname="com.course.LearnRestassuredCase.TestJenkins" name="testjenkins" time="3.428"/>
  <testcase classname="com.course.LearnRestassuredCase.TestJenkins" name="testmultplication" time="0"/>
</testsuite>